<?xml version="1.0" encoding="UTF-8"?>
<!-- Generated by org.testng.reporters.JUnitXMLReporter -->
<testsuite ignored="3" hostname="DESKTOP-GT4T4VH" failures="2" tests="2" name="Test" time="0.067" errors="0" timestamp="2025-03-24T19:09:54 IST">
  <testcase classname="ContactTest.createContactt" name="createContactTest" time="0.0">
    <failure type="org.testng.TestNGException" message="
Parameter &amp;apos;browser&amp;apos; is required by @Test on method createContactTest but has not been marked @Optional or defined
in C:\Users\HP\eclipse-workspace\AdvanceSelenium\Group.xml">
      <![CDATA[org.testng.TestNGException: 
Parameter 'browser' is required by @Test on method createContactTest but has not been marked @Optional or defined
in C:\Users\HP\eclipse-workspace\AdvanceSelenium\Group.xml
at java.base/java.util.ArrayList.forEach(ArrayList.java:1541)
... Removed 26 stack frames]]>
    </failure>
  </testcase> <!-- createContactTest -->
  <testcase classname="CampaignTest.createCampaignn" name="createCampaignWithCloseDateTest" time="0.0">
    <failure type="org.testng.TestNGException" message="
Parameter &amp;apos;browser&amp;apos; is required by @Test on method createCampaignWithCloseDateTest but has not been marked @Optional or defined
in C:\Users\HP\eclipse-workspace\AdvanceSelenium\Group.xml">
      <![CDATA[org.testng.TestNGException: 
Parameter 'browser' is required by @Test on method createCampaignWithCloseDateTest but has not been marked @Optional or defined
in C:\Users\HP\eclipse-workspace\AdvanceSelenium\Group.xml
at java.base/java.util.ArrayList.forEach(ArrayList.java:1541)
... Removed 26 stack frames]]>
    </failure>
  </testcase> <!-- createCampaignWithCloseDateTest -->
  <testcase classname="Login.loginn" name="loginTest" time="0.0">
    <ignored/>
  </testcase> <!-- loginTest -->
  <testcase classname="ProductTest.createProductt" name="createProductTest" time="0.0">
    <ignored/>
  </testcase> <!-- createProductTest -->
  <testcase classname="CampaignTest.createCampaignn" name="createCampaignTest" time="0.0">
    <ignored/>
  </testcase> <!-- createCampaignTest -->
</testsuite> <!-- Test -->
